19:10:07.906 skipping bootstrap configuration: could not find or read file: classpath:karate-config.js
19:10:10.795 request:
1 > POST http://localhost:8080/loans
1 > Accept-Encoding: gzip,deflate
1 > Connection: Keep-Alive
1 > Content-Length: 129
1 > Content-Type: application/json; charset=UTF-8
1 > Host: localhost:8080
1 > User-Agent: Apache-HttpClient/4.5.11 (Java/1.8.0_301)
{"bankAccount":{"accountNumber":1234567890,"bankName":"SCRUM_BANK"},"idNumber":9901025391080,"name":"Pontsho","surname":"Molewa"}

19:10:10.863 response time in milliseconds: 65,96
1 < 200
1 < Content-Type: application/json;charset=UTF-8
1 < Date: Tue, 27 Jul 2021 18:10:10 GMT
1 < Transfer-Encoding: chunked
{"reference":"6c11732d-2c2a-4c04-984d-55cc01583bef","validationStatus":true,"errors":[],"warnings":[]}

19:10:10.875 [print] Response is:  {
  "reference": "6c11732d-2c2a-4c04-984d-55cc01583bef",
  "warnings": [
  ],
  "validationStatus": true,
  "errors": [
  ]
}

